  ConsoleApplication1.cpp
C:\Users\mynic\Desktop\ЧМ 4\Task\ConsoleApplication1\ConsoleApplication1.cpp(32,11): warning C4267: инициализация: преобразование из "size_t" в "int"; возможна потеря данных
C:\Users\mynic\Desktop\ЧМ 4\Task\ConsoleApplication1\ConsoleApplication1.cpp(64,11): warning C4267: инициализация: преобразование из "size_t" в "int"; возможна потеря данных
C:\Users\mynic\Desktop\ЧМ 4\Task\ConsoleApplication1\ConsoleApplication1.cpp(78,11): warning C4267: инициализация: преобразование из "size_t" в "int"; возможна потеря данных
C:\Users\mynic\Desktop\ЧМ 4\Task\ConsoleApplication1\ConsoleApplication1.cpp(92,11): warning C4267: инициализация: преобразование из "size_t" в "int"; возможна потеря данных
C:\Users\mynic\Desktop\ЧМ 4\Task\ConsoleApplication1\ConsoleApplication1.cpp(101,11): warning C4267: инициализация: преобразование из "size_t" в "int"; возможна потеря данных
C:\Users\mynic\Desktop\ЧМ 4\Task\ConsoleApplication1\ConsoleApplication1.cpp(139,11): warning C4267: инициализация: преобразование из "size_t" в "int"; возможна потеря данных
C:\Users\mynic\Desktop\ЧМ 4\Task\ConsoleApplication1\ConsoleApplication1.cpp(195,80): warning C4244: аргумент: преобразование "_Rep" в "_Ty", возможна потеря данных
C:\Users\mynic\Desktop\ЧМ 4\Task\ConsoleApplication1\ConsoleApplication1.cpp(195,80): warning C4244:         with
C:\Users\mynic\Desktop\ЧМ 4\Task\ConsoleApplication1\ConsoleApplication1.cpp(195,80): warning C4244:         [
C:\Users\mynic\Desktop\ЧМ 4\Task\ConsoleApplication1\ConsoleApplication1.cpp(195,80): warning C4244:             _Rep=__int64
C:\Users\mynic\Desktop\ЧМ 4\Task\ConsoleApplication1\ConsoleApplication1.cpp(195,80): warning C4244:         ]
C:\Users\mynic\Desktop\ЧМ 4\Task\ConsoleApplication1\ConsoleApplication1.cpp(195,80): warning C4244:         and
C:\Users\mynic\Desktop\ЧМ 4\Task\ConsoleApplication1\ConsoleApplication1.cpp(195,80): warning C4244:         [
C:\Users\mynic\Desktop\ЧМ 4\Task\ConsoleApplication1\ConsoleApplication1.cpp(195,80): warning C4244:             _Ty=double
C:\Users\mynic\Desktop\ЧМ 4\Task\ConsoleApplication1\ConsoleApplication1.cpp(195,80): warning C4244:         ]
C:\Users\mynic\Desktop\ЧМ 4\Task\ConsoleApplication1\ConsoleApplication1.cpp(202,80): warning C4244: аргумент: преобразование "_Rep" в "_Ty", возможна потеря данных
C:\Users\mynic\Desktop\ЧМ 4\Task\ConsoleApplication1\ConsoleApplication1.cpp(202,80): warning C4244:         with
C:\Users\mynic\Desktop\ЧМ 4\Task\ConsoleApplication1\ConsoleApplication1.cpp(202,80): warning C4244:         [
C:\Users\mynic\Desktop\ЧМ 4\Task\ConsoleApplication1\ConsoleApplication1.cpp(202,80): warning C4244:             _Rep=__int64
C:\Users\mynic\Desktop\ЧМ 4\Task\ConsoleApplication1\ConsoleApplication1.cpp(202,80): warning C4244:         ]
C:\Users\mynic\Desktop\ЧМ 4\Task\ConsoleApplication1\ConsoleApplication1.cpp(202,80): warning C4244:         and
C:\Users\mynic\Desktop\ЧМ 4\Task\ConsoleApplication1\ConsoleApplication1.cpp(202,80): warning C4244:         [
C:\Users\mynic\Desktop\ЧМ 4\Task\ConsoleApplication1\ConsoleApplication1.cpp(202,80): warning C4244:             _Ty=double
C:\Users\mynic\Desktop\ЧМ 4\Task\ConsoleApplication1\ConsoleApplication1.cpp(202,80): warning C4244:         ]
  Создание кода
  1 of 213 functions ( 0.5%) were compiled, the rest were copied from previous compilation.
    0 functions were new in current compilation
    0 functions had inline decision re-evaluated but remain unchanged
  Создание кода завершено
  ConsoleApplication1.vcxproj -> C:\Users\mynic\Desktop\ЧМ 4\Task\x64\Release\ConsoleApplication1.exe
